0 info it worked if it ends with ok
1 verbose cli [ 'E:\\node\\\\node.exe',
1 verbose cli   'E:\\node\\node_modules\\npm\\bin\\npm-cli.js',
1 verbose cli   'install' ]
2 info using npm@1.3.21
3 info using node@v0.10.24
4 verbose node symlink E:\node\\node.exe
5 warn invalid config registry="npm.stdyun.com"
6 warn invalid config Must be a full url with 'http://'
7 error install Couldn't read dependencies
8 error package.json ENOENT, open 'E:\demo\myWeb\package.json'
8 error package.json This is most likely not a problem with npm itself.
8 error package.json npm can't find a package.json file in your current directory.
9 error System Windows_NT 6.1.7601
10 error command "E:\\node\\\\node.exe" "E:\\node\\node_modules\\npm\\bin\\npm-cli.js" "install"
11 error cwd E:\demo\myWeb
12 error node -v v0.10.24
13 error npm -v 1.3.21
14 error path E:\demo\myWeb\package.json
15 error code ENOPACKAGEJSON
16 error errno 34
17 verbose exit [ 34, true ]
